[2021-10-07 21:09:57.510] [error] src/electron-main/api/index.ts init "keytar" module is unsupported by the system:  The name org.freedesktop.secrets was not provided by any .service files
[2021-10-07 21:20:40.554] [error] src/electron-main/api/index.ts init "keytar" module is unsupported by the system:  The name org.freedesktop.secrets was not provided by any .service files
[2021-10-10 21:17:16.560] [error] src/electron-main/api/index.ts init "keytar" module is unsupported by the system:  The name org.freedesktop.secrets was not provided by any .service files
[2021-10-10 21:17:36.115] [error] src/electron-main/api/index.ts [pubsub-to-rpc-api] [provider] notification.error {"name":"readSettings","channel":"electron-mail:ipcMain-api","payloadType":"request","uid":"e1d24360-3414-4474-b24f-d025123137ee"} DecryptionError: Decryption failed ({"type":"sodium.crypto_secretbox_easy","options":{"nonceBytes":24},"data":{"nonceBase64":"l0kMWH9IOi8SqZQaR8vgSoiK+wkcejtt"}}) "sodium.crypto_secretbox_open_easy" decryption has failed(print "cause" prop of error to see its origin) (print "cause" prop of error to see its origin)
    at Object.<anonymous> (/opt/ElectronMail/resources/app.asar/node_modules/fs-json-store-encryption-adapter/lib/encryption/index.js:56:35)
    at step (/opt/ElectronMail/resources/app.asar/node_modules/tslib/tslib.js:143:27)
    at Object.throw (/opt/ElectronMail/resources/app.asar/node_modules/tslib/tslib.js:124:57)
    at rejected (/opt/ElectronMail/resources/app.asar/node_modules/tslib/tslib.js:115:69)
[2021-10-10 21:17:36.144] [error] src/electron-main/web-contents.ts {"level":3,"message":"[object Object]","line":73060,"sourceId":"file:///opt/ElectronMail/resources/app.asar/app/web/browser-window/index.js"}
[2021-10-10 21:17:36.181] [error] src/web/browser-window/app/_options/options.effects.ts DecryptionError: Decryption failed ({"type":"sodium.crypto_secretbox_easy","options":{"nonceBytes":24},"data":{"nonceBase64":"l0kMWH9IOi8SqZQaR8vgSoiK+wkcejtt"}}) "sodium.crypto_secretbox_open_easy" decryption has failed(print "cause" prop of error to see its origin) (print "cause" prop of error to see its origin)
    at Object.<anonymous> (/opt/ElectronMail/resources/app.asar/node_modules/fs-json-store-encryption-adapter/lib/encryption/index.js:56:35)
    at step (/opt/ElectronMail/resources/app.asar/node_modules/tslib/tslib.js:143:27)
    at Object.throw (/opt/ElectronMail/resources/app.asar/node_modules/tslib/tslib.js:124:57)
    at rejected (/opt/ElectronMail/resources/app.asar/node_modules/tslib/tslib.js:115:69) { cause: 'undefined' }
[2021-10-10 21:17:39.505] [error] src/electron-main/api/index.ts [pubsub-to-rpc-api] [provider] notification.error {"name":"readSettings","channel":"electron-mail:ipcMain-api","payloadType":"request","uid":"8844d8a6-1e4b-4357-a032-7c414e6f9bc3"} DecryptionError: Decryption failed ({"type":"sodium.crypto_secretbox_easy","options":{"nonceBytes":24},"data":{"nonceBase64":"l0kMWH9IOi8SqZQaR8vgSoiK+wkcejtt"}}) "sodium.crypto_secretbox_open_easy" decryption has failed(print "cause" prop of error to see its origin) (print "cause" prop of error to see its origin)
    at Object.<anonymous> (/opt/ElectronMail/resources/app.asar/node_modules/fs-json-store-encryption-adapter/lib/encryption/index.js:56:35)
    at step (/opt/ElectronMail/resources/app.asar/node_modules/tslib/tslib.js:143:27)
    at Object.throw (/opt/ElectronMail/resources/app.asar/node_modules/tslib/tslib.js:124:57)
    at rejected (/opt/ElectronMail/resources/app.asar/node_modules/tslib/tslib.js:115:69)
[2021-10-10 21:17:39.523] [error] src/electron-main/web-contents.ts {"level":3,"message":"[object Object]","line":73060,"sourceId":"file:///opt/ElectronMail/resources/app.asar/app/web/browser-window/index.js"}
[2021-10-10 21:17:39.529] [error] src/web/browser-window/app/_options/options.effects.ts DecryptionError: Decryption failed ({"type":"sodium.crypto_secretbox_easy","options":{"nonceBytes":24},"data":{"nonceBase64":"l0kMWH9IOi8SqZQaR8vgSoiK+wkcejtt"}}) "sodium.crypto_secretbox_open_easy" decryption has failed(print "cause" prop of error to see its origin) (print "cause" prop of error to see its origin)
    at Object.<anonymous> (/opt/ElectronMail/resources/app.asar/node_modules/fs-json-store-encryption-adapter/lib/encryption/index.js:56:35)
    at step (/opt/ElectronMail/resources/app.asar/node_modules/tslib/tslib.js:143:27)
    at Object.throw (/opt/ElectronMail/resources/app.asar/node_modules/tslib/tslib.js:124:57)
    at rejected (/opt/ElectronMail/resources/app.asar/node_modules/tslib/tslib.js:115:69) { cause: 'undefined' }
[2021-10-10 21:17:40.638] [error] src/electron-main/api/index.ts [pubsub-to-rpc-api] [provider] notification.error {"name":"readSettings","channel":"electron-mail:ipcMain-api","payloadType":"request","uid":"c578b6b5-b6be-4b9d-adee-1a93c7654367"} DecryptionError: Decryption failed ({"type":"sodium.crypto_secretbox_easy","options":{"nonceBytes":24},"data":{"nonceBase64":"l0kMWH9IOi8SqZQaR8vgSoiK+wkcejtt"}}) "sodium.crypto_secretbox_open_easy" decryption has failed(print "cause" prop of error to see its origin) (print "cause" prop of error to see its origin)
    at Object.<anonymous> (/opt/ElectronMail/resources/app.asar/node_modules/fs-json-store-encryption-adapter/lib/encryption/index.js:56:35)
    at step (/opt/ElectronMail/resources/app.asar/node_modules/tslib/tslib.js:143:27)
    at Object.throw (/opt/ElectronMail/resources/app.asar/node_modules/tslib/tslib.js:124:57)
    at rejected (/opt/ElectronMail/resources/app.asar/node_modules/tslib/tslib.js:115:69)
[2021-10-10 21:17:40.641] [error] src/electron-main/web-contents.ts {"level":3,"message":"[object Object]","line":73060,"sourceId":"file:///opt/ElectronMail/resources/app.asar/app/web/browser-window/index.js"}
[2021-10-10 21:17:40.648] [error] src/web/browser-window/app/_options/options.effects.ts DecryptionError: Decryption failed ({"type":"sodium.crypto_secretbox_easy","options":{"nonceBytes":24},"data":{"nonceBase64":"l0kMWH9IOi8SqZQaR8vgSoiK+wkcejtt"}}) "sodium.crypto_secretbox_open_easy" decryption has failed(print "cause" prop of error to see its origin) (print "cause" prop of error to see its origin)
    at Object.<anonymous> (/opt/ElectronMail/resources/app.asar/node_modules/fs-json-store-encryption-adapter/lib/encryption/index.js:56:35)
    at step (/opt/ElectronMail/resources/app.asar/node_modules/tslib/tslib.js:143:27)
    at Object.throw (/opt/ElectronMail/resources/app.asar/node_modules/tslib/tslib.js:124:57)
    at rejected (/opt/ElectronMail/resources/app.asar/node_modules/tslib/tslib.js:115:69) { cause: 'undefined' }
[2021-10-14 17:37:46.397] [error] src/electron-main/api/index.ts init "keytar" module is unsupported by the system:  The name org.freedesktop.secrets was not provided by any .service files
[2021-10-14 17:38:19.227] [error] src/electron-main/api/index.ts [pubsub-to-rpc-api] [provider] notification.error {"name":"readSettings","channel":"electron-mail:ipcMain-api","payloadType":"request","uid":"3fcf1c6d-b961-4f8d-9fd3-1ad4d2fd79d3"} DecryptionError: Decryption failed ({"type":"sodium.crypto_secretbox_easy","options":{"nonceBytes":24},"data":{"nonceBase64":"l0kMWH9IOi8SqZQaR8vgSoiK+wkcejtt"}}) "sodium.crypto_secretbox_open_easy" decryption has failed(print "cause" prop of error to see its origin) (print "cause" prop of error to see its origin)
    at Object.<anonymous> (/opt/ElectronMail/resources/app.asar/node_modules/fs-json-store-encryption-adapter/lib/encryption/index.js:56:35)
    at step (/opt/ElectronMail/resources/app.asar/node_modules/tslib/tslib.js:143:27)
    at Object.throw (/opt/ElectronMail/resources/app.asar/node_modules/tslib/tslib.js:124:57)
    at rejected (/opt/ElectronMail/resources/app.asar/node_modules/tslib/tslib.js:115:69)
[2021-10-14 17:38:19.240] [error] src/electron-main/web-contents.ts {"level":3,"message":"[object Object]","line":73060,"sourceId":"file:///opt/ElectronMail/resources/app.asar/app/web/browser-window/index.js"}
[2021-10-14 17:38:19.250] [error] src/web/browser-window/app/_options/options.effects.ts DecryptionError: Decryption failed ({"type":"sodium.crypto_secretbox_easy","options":{"nonceBytes":24},"data":{"nonceBase64":"l0kMWH9IOi8SqZQaR8vgSoiK+wkcejtt"}}) "sodium.crypto_secretbox_open_easy" decryption has failed(print "cause" prop of error to see its origin) (print "cause" prop of error to see its origin)
    at Object.<anonymous> (/opt/ElectronMail/resources/app.asar/node_modules/fs-json-store-encryption-adapter/lib/encryption/index.js:56:35)
    at step (/opt/ElectronMail/resources/app.asar/node_modules/tslib/tslib.js:143:27)
    at Object.throw (/opt/ElectronMail/resources/app.asar/node_modules/tslib/tslib.js:124:57)
    at rejected (/opt/ElectronMail/resources/app.asar/node_modules/tslib/tslib.js:115:69) { cause: 'undefined' }
[2021-10-14 17:38:20.875] [error] src/electron-main/api/index.ts [pubsub-to-rpc-api] [provider] notification.error {"name":"readSettings","channel":"electron-mail:ipcMain-api","payloadType":"request","uid":"e172a46b-934a-4a21-9ef5-5f1ab9b67214"} DecryptionError: Decryption failed ({"type":"sodium.crypto_secretbox_easy","options":{"nonceBytes":24},"data":{"nonceBase64":"l0kMWH9IOi8SqZQaR8vgSoiK+wkcejtt"}}) "sodium.crypto_secretbox_open_easy" decryption has failed(print "cause" prop of error to see its origin) (print "cause" prop of error to see its origin)
    at Object.<anonymous> (/opt/ElectronMail/resources/app.asar/node_modules/fs-json-store-encryption-adapter/lib/encryption/index.js:56:35)
    at step (/opt/ElectronMail/resources/app.asar/node_modules/tslib/tslib.js:143:27)
    at Object.throw (/opt/ElectronMail/resources/app.asar/node_modules/tslib/tslib.js:124:57)
    at rejected (/opt/ElectronMail/resources/app.asar/node_modules/tslib/tslib.js:115:69)
[2021-10-14 17:38:20.878] [error] src/electron-main/web-contents.ts {"level":3,"message":"[object Object]","line":73060,"sourceId":"file:///opt/ElectronMail/resources/app.asar/app/web/browser-window/index.js"}
[2021-10-14 17:38:20.883] [error] src/web/browser-window/app/_options/options.effects.ts DecryptionError: Decryption failed ({"type":"sodium.crypto_secretbox_easy","options":{"nonceBytes":24},"data":{"nonceBase64":"l0kMWH9IOi8SqZQaR8vgSoiK+wkcejtt"}}) "sodium.crypto_secretbox_open_easy" decryption has failed(print "cause" prop of error to see its origin) (print "cause" prop of error to see its origin)
    at Object.<anonymous> (/opt/ElectronMail/resources/app.asar/node_modules/fs-json-store-encryption-adapter/lib/encryption/index.js:56:35)
    at step (/opt/ElectronMail/resources/app.asar/node_modules/tslib/tslib.js:143:27)
    at Object.throw (/opt/ElectronMail/resources/app.asar/node_modules/tslib/tslib.js:124:57)
    at rejected (/opt/ElectronMail/resources/app.asar/node_modules/tslib/tslib.js:115:69) { cause: 'undefined' }
[2021-10-14 17:38:22.610] [error] src/electron-main/api/index.ts [pubsub-to-rpc-api] [provider] notification.error {"name":"readSettings","channel":"electron-mail:ipcMain-api","payloadType":"request","uid":"73597e86-f834-4869-874f-e56daa2331c1"} DecryptionError: Decryption failed ({"type":"sodium.crypto_secretbox_easy","options":{"nonceBytes":24},"data":{"nonceBase64":"l0kMWH9IOi8SqZQaR8vgSoiK+wkcejtt"}}) "sodium.crypto_secretbox_open_easy" decryption has failed(print "cause" prop of error to see its origin) (print "cause" prop of error to see its origin)
    at Object.<anonymous> (/opt/ElectronMail/resources/app.asar/node_modules/fs-json-store-encryption-adapter/lib/encryption/index.js:56:35)
    at step (/opt/ElectronMail/resources/app.asar/node_modules/tslib/tslib.js:143:27)
    at Object.throw (/opt/ElectronMail/resources/app.asar/node_modules/tslib/tslib.js:124:57)
    at rejected (/opt/ElectronMail/resources/app.asar/node_modules/tslib/tslib.js:115:69)
[2021-10-14 17:38:22.613] [error] src/electron-main/web-contents.ts {"level":3,"message":"[object Object]","line":73060,"sourceId":"file:///opt/ElectronMail/resources/app.asar/app/web/browser-window/index.js"}
[2021-10-14 17:38:22.616] [error] src/web/browser-window/app/_options/options.effects.ts DecryptionError: Decryption failed ({"type":"sodium.crypto_secretbox_easy","options":{"nonceBytes":24},"data":{"nonceBase64":"l0kMWH9IOi8SqZQaR8vgSoiK+wkcejtt"}}) "sodium.crypto_secretbox_open_easy" decryption has failed(print "cause" prop of error to see its origin) (print "cause" prop of error to see its origin)
    at Object.<anonymous> (/opt/ElectronMail/resources/app.asar/node_modules/fs-json-store-encryption-adapter/lib/encryption/index.js:56:35)
    at step (/opt/ElectronMail/resources/app.asar/node_modules/tslib/tslib.js:143:27)
    at Object.throw (/opt/ElectronMail/resources/app.asar/node_modules/tslib/tslib.js:124:57)
    at rejected (/opt/ElectronMail/resources/app.asar/node_modules/tslib/tslib.js:115:69) { cause: 'undefined' }
